<?xml version="1.0" encoding="UTF-8"?>
<!-- Generated by org.testng.reporters.JUnitReportReporter -->
<testsuite hostname="Aravinda" failures="0" tests="3" name="com.synechron.selenium.SeleniumTraining.testng.Groups" time="0.019" errors="0" timestamp="2024-07-21T15:33:09 IST" skipped="0">
  <testcase classname="com.synechron.selenium.SeleniumTraining.testng.Groups" name="logout" time="0.001"/>
  <testcase classname="com.synechron.selenium.SeleniumTraining.testng.Groups" name="createCustomer" time="0.016"/>
  <testcase classname="com.synechron.selenium.SeleniumTraining.testng.Groups" name="login" time="0.002"/>
</testsuite> <!-- com.synechron.selenium.SeleniumTraining.testng.Groups -->
