<?xml version="1.0" encoding="UTF-8"?>
<!-- Generated by org.testng.reporters.JUnitReportReporter -->
<testsuite hostname="Aravinda" failures="0" tests="3" name="com.synechron.selenium.SeleniumTraining.switchto.SwitchToDemo" time="12.786" errors="0" timestamp="2024-07-21T14:38:06 IST" skipped="0">
  <testcase classname="com.synechron.selenium.SeleniumTraining.switchto.SwitchToDemo" name="alertHandling" time="5.292"/>
  <testcase classname="com.synechron.selenium.SeleniumTraining.switchto.SwitchToDemo" name="multipleBrowserHandling" time="1.877"/>
  <testcase classname="com.synechron.selenium.SeleniumTraining.switchto.SwitchToDemo" name="frameHandling" time="5.617"/>
</testsuite> <!-- com.synechron.selenium.SeleniumTraining.switchto.SwitchToDemo -->
