<?xml version="1.0" encoding="UTF-8"?>
<!-- Generated by org.testng.reporters.JUnitReportReporter -->
<testsuite hostname="Aravinda" failures="0" tests="4" name="com.synechron.selenium.SeleniumTraining.actions.ActionsDemo" time="39.821" errors="0" timestamp="2024-07-21T15:33:09 IST" skipped="0">
  <testcase classname="com.synechron.selenium.SeleniumTraining.actions.ActionsDemo" name="dragAndDrop" time="5.272"/>
  <testcase classname="com.synechron.selenium.SeleniumTraining.actions.ActionsDemo" name="misellanious" time="5.219"/>
  <testcase classname="com.synechron.selenium.SeleniumTraining.actions.ActionsDemo" name="keyBoardAction" time="15.591"/>
  <testcase classname="com.synechron.selenium.SeleniumTraining.actions.ActionsDemo" name="mouseMoveDemo" time="13.739"/>
</testsuite> <!-- com.synechron.selenium.SeleniumTraining.actions.ActionsDemo -->
