<?xml version="1.0" encoding="UTF-8"?>
<!-- Generated by org.testng.reporters.JUnitReportReporter -->
<testsuite hostname="Aravinda" failures="0" tests="1" name="com.synechron.selenium.SeleniumTraining.waits.WebDriverWaitDemo" time="8.361" errors="0" timestamp="2024-07-21T10:27:51 IST" skipped="0">
  <testcase classname="com.synechron.selenium.SeleniumTraining.waits.WebDriverWaitDemo" name="waitTillSpecificConditionMet" time="8.361"/>
</testsuite> <!-- com.synechron.selenium.SeleniumTraining.waits.WebDriverWaitDemo -->
