<?xml version="1.0" encoding="UTF-8"?>
<!-- Generated by org.testng.reporters.JUnitReportReporter -->
<testsuite hostname="Aravinda" failures="0" tests="3" name="com.synechron.selenium.SeleniumTraining.dropdown.DropDownDemo" time="56.172" errors="0" timestamp="2024-07-21T12:27:26 IST" skipped="0">
  <testcase classname="com.synechron.selenium.SeleniumTraining.dropdown.DropDownDemo" name="dropDownwithCustomTag" time="9.808"/>
  <testcase classname="com.synechron.selenium.SeleniumTraining.dropdown.DropDownDemo" name="multiSelectdropDownWithSelectTag" time="31.394"/>
  <testcase classname="com.synechron.selenium.SeleniumTraining.dropdown.DropDownDemo" name="dropDownWithSelectTag" time="14.970"/>
</testsuite> <!-- com.synechron.selenium.SeleniumTraining.dropdown.DropDownDemo -->
