<?xml version="1.0" encoding="UTF-8"?>
<!-- Generated by org.testng.reporters.JUnitReportReporter -->
<testsuite hostname="Aravinda" failures="0" tests="4" name="com.synechron.selenium.SeleniumTraining.testng.PriorityDemo" time="0.025" errors="0" timestamp="2024-07-21T15:10:45 IST" skipped="0">
  <testcase classname="com.synechron.selenium.SeleniumTraining.testng.PriorityDemo" name="launch" time="0.016"/>
  <testcase classname="com.synechron.selenium.SeleniumTraining.testng.PriorityDemo" name="login" time="0.003"/>
  <testcase classname="com.synechron.selenium.SeleniumTraining.testng.PriorityDemo" name="createCustomer" time="0.003"/>
  <testcase classname="com.synechron.selenium.SeleniumTraining.testng.PriorityDemo" name="logout" time="0.003"/>
</testsuite> <!-- com.synechron.selenium.SeleniumTraining.testng.PriorityDemo -->
