<?xml version="1.0" encoding="UTF-8"?>
<!-- Generated by org.testng.reporters.JUnitReportReporter -->
<testsuite hostname="Aravinda" failures="0" tests="3" name="com.synechron.selenium.SeleniumTraining.dropdown.DropDownDemo" time="57.873" errors="0" timestamp="2024-07-21T15:33:09 IST" skipped="0">
  <testcase classname="com.synechron.selenium.SeleniumTraining.dropdown.DropDownDemo" name="multiSelectdropDownWithSelectTag" time="31.725"/>
  <testcase classname="com.synechron.selenium.SeleniumTraining.dropdown.DropDownDemo" name="dropDownwithCustomTag" time="10.477"/>
  <testcase classname="com.synechron.selenium.SeleniumTraining.dropdown.DropDownDemo" name="dropDownWithSelectTag" time="15.671"/>
</testsuite> <!-- com.synechron.selenium.SeleniumTraining.dropdown.DropDownDemo -->
