<?xml version="1.0" encoding="UTF-8"?>
<!-- Generated by org.testng.reporters.JUnitReportReporter -->
<testsuite hostname="Aravinda" failures="0" tests="1" name="com.synechron.selenium.SeleniumTraining.suggestions.AutoSuggestions" time="9.519" errors="0" timestamp="2024-07-20T16:21:18 IST" skipped="0">
  <testcase classname="com.synechron.selenium.SeleniumTraining.suggestions.AutoSuggestions" name="printSuggestions" time="9.519"/>
</testsuite> <!-- com.synechron.selenium.SeleniumTraining.suggestions.AutoSuggestions -->
