<?xml version="1.0" encoding="UTF-8"?>
<!-- Generated by org.testng.reporters.JUnitReportReporter -->
<testsuite hostname="Aravinda" failures="0" tests="1" name="com.synechron.selenium.SeleniumTraining.actions.ActionsDemo" time="5.347" errors="0" timestamp="2024-07-21T12:58:11 IST" skipped="0">
  <testcase classname="com.synechron.selenium.SeleniumTraining.actions.ActionsDemo" name="misellanious" time="5.347"/>
</testsuite> <!-- com.synechron.selenium.SeleniumTraining.actions.ActionsDemo -->
