<?xml version="1.0" encoding="UTF-8"?>
<!-- Generated by org.testng.reporters.JUnitReportReporter -->
<testsuite hostname="Aravinda" failures="0" tests="2" name="test.DragAndDrop" time="3.842" errors="0" timestamp="2024-07-21T16:16:47 IST" skipped="0">
  <testcase classname="test.DragAndDrop" name="dragAndDropDemo" time="1.200"/>
  <testcase classname="test.DragAndDrop" name="dropDown" time="2.642"/>
</testsuite> <!-- test.DragAndDrop -->
