<?xml version="1.0" encoding="UTF-8"?>
<!-- Generated by org.testng.reporters.JUnitReportReporter -->
<testsuite hostname="Aravinda" failures="0" tests="4" name="com.synechron.selenium.SeleniumTraining.testng.TestNGDemo" time="0.019" errors="0" timestamp="2024-07-21T15:09:41 IST" skipped="0">
  <testcase classname="com.synechron.selenium.SeleniumTraining.testng.TestNGDemo" name="logout" time="0.003"/>
  <testcase classname="com.synechron.selenium.SeleniumTraining.testng.TestNGDemo" name="createCustomer" time="0.002"/>
  <testcase classname="com.synechron.selenium.SeleniumTraining.testng.TestNGDemo" name="launch" time="0.013"/>
  <testcase classname="com.synechron.selenium.SeleniumTraining.testng.TestNGDemo" name="login" time="0.001"/>
</testsuite> <!-- com.synechron.selenium.SeleniumTraining.testng.TestNGDemo -->
