<?xml version="1.0" encoding="UTF-8"?>
<!-- Generated by org.testng.reporters.JUnitReportReporter -->
<testsuite hostname="Aravinda" failures="0" tests="1" name="com.synechron.selenium.SeleniumTraining.browser.BrowserOperations" time="59.951" errors="0" timestamp="2024-07-21T09:43:18 IST" skipped="0">
  <testcase classname="com.synechron.selenium.SeleniumTraining.browser.BrowserOperations" name="browserOperations" time="59.951"/>
</testsuite> <!-- com.synechron.selenium.SeleniumTraining.browser.BrowserOperations -->
