<?xml version="1.0" encoding="UTF-8"?>
<!-- Generated by org.testng.reporters.JUnitReportReporter -->
<testsuite hostname="Aravinda" failures="0" tests="1" name="com.synechron.selenium.SeleniumTraining.waits.FluentWaitDemo" time="9.554" errors="0" timestamp="2024-07-21T11:26:09 IST" skipped="0">
  <testcase classname="com.synechron.selenium.SeleniumTraining.waits.FluentWaitDemo" name="waitTillSpecificConditionMet" time="9.554"/>
</testsuite> <!-- com.synechron.selenium.SeleniumTraining.waits.FluentWaitDemo -->
