<?xml version="1.0" encoding="UTF-8"?>
<!-- Generated by org.testng.reporters.JUnitReportReporter -->
<testsuite hostname="Aravinda" failures="0" tests="1" name="com.synechron.selenium.SeleniumTraining.basic.BasicOperations" time="14.665" errors="0" timestamp="2024-07-20T14:15:39 IST" skipped="0">
  <testcase classname="com.synechron.selenium.SeleniumTraining.basic.BasicOperations" name="formFill" time="14.665"/>
</testsuite> <!-- com.synechron.selenium.SeleniumTraining.basic.BasicOperations -->
