<?xml version="1.0" encoding="UTF-8"?>
<!-- Generated by org.testng.reporters.JUnitReportReporter -->
<testsuite hostname="Aravinda" failures="0" tests="1" name="com.synechron.selenium.SeleniumTraining.waits.FluentWaitUsingFunctionDemo" time="9.562" errors="0" timestamp="2024-07-21T11:33:58 IST" skipped="0">
  <testcase classname="com.synechron.selenium.SeleniumTraining.waits.FluentWaitUsingFunctionDemo" name="waitTillSpecificConditionMet" time="9.562"/>
</testsuite> <!-- com.synechron.selenium.SeleniumTraining.waits.FluentWaitUsingFunctionDemo -->
